Arguments: 
  /home/rumman/.nvm/versions/node/v10.13.0/bin/node /usr/bin/yarn

PATH: 
  /home/rumman/.nvm/versions/node/v10.13.0/bin:/home/rumman/bin:/usr/local/bin:/home/rumman/.config/composer/vendor/bin:/usr/local/bin:/usr/local/sbin:/usr/bin:/var/lib/flatpak/exports/bin:/usr/lib/jvm/default/bin:/usr/bin/site_perl:/usr/bin/vendor_perl:/usr/bin/core_perl:/var/lib/flatpak/exports/bin:/usr/lib/jvm/default/bin:/usr/bin/site_perl:/usr/bin/vendor_perl:/usr/bin/core_perl:/home/rumman/Android/Sdk/tools:/home/rumman/Android/Sdk/tools/bin:/home/rumman/Android/Sdk/platform-tools

Yarn version: 
  1.10.1

Node version: 
  10.13.0

Platform: 
  linux x64

Trace: 
  Error: getaddrinfo EAI_AGAIN registry.yarnpkg.com registry.yarnpkg.com:443
      at GetAddrInfoReqWrap.onlookup [as oncomplete] (dns.js:57:26)

npm manifest: 
  {
    "name": "sankalan-2019",
    "version": "1.0.0",
    "description": "Sankalan is the annual tech fest of Dept Of Computer Science, University of Delhi (DUCS).",
    "main": "gulpfile.js",
    "dependencies": {},
    "homepage": "https://www.ducs.in/sankalan/",
    "repository": {
      "type": "git",
      "url": "https://github.com/sidvishnoi/sankalan-2019.git"
    },
    "devDependencies": {
      "async": "^2.6.0",
      "babel-core": "^6.26.0",
      "babel-loader": "^7.1.2",
      "babel-preset-es2015": "^6.24.1",
      "chokidar": "^2.0.0",
      "cross-env": "^5.2.0",
      "eslint": "^4.16.0",
      "eslint-config-airbnb-base": "^12.1.0",
      "eslint-plugin-import": "^2.8.0",
      "fs-extra": "^5.0.0",
      "gulp": "^4.0.0",
      "gulp-babel": "^7.0.0",
      "gulp-clean": "^0.4.0",
      "gulp-clean-css": "^3.9.2",
      "gulp-concat": "^2.6.1",
      "gulp-hash": "^4.2.2",
      "gulp-rename": "^1.2.2",
      "gulp-sass": "^3.1.0",
      "gulp-sourcemaps": "^1.12.1",
      "gulp-uglify": "^3.0.0",
      "node-sass": "^4.7.2",
      "node-yaml": "^3.1.1",
      "pug": "^2.0.0-rc.4"
    },
    "scripts": {
      "build": "cross-env NODE_ENV=production gulp build",
      "build:dev": "gulp watch",
      "build:clean": "gulp clean"
    },
    "author": "Sid Vishnoi <sidvishnoi.dev@gmail.com> (https://github.com/sidvishnoi)",
    "license": "ISC"
  }

yarn manifest: 
  No manifest

Lockfile: 
  No lockfile
